2026-01-20 15:26:31 - root - INFO - Тест стартовал
2026-01-20 15:26:31 - root - ERROR - Произошла ошибка
2026-01-20 15:30:40 - root - INFO - Тест стартовал
2026-01-20 15:30:40 - root - ERROR - Произошла ошибка
2026-01-20 15:43:09,693 - hw16 - DEBUG - Только в файл
2026-01-20 15:43:09,694 - hw16 - INFO - В консоль и файл
2026-01-20 15:43:09,694 - hw16 - WARNING - WARNING тоже в консоль и файл
2026-01-20 15:55:54,741 - task 4 logger - INFO - Starting API test: url=https://api.example.com/users, expected_status=200
2026-01-20 16:26:55,793 - task 4 logger - INFO - Starting test_login: url=https://api.example.com/users, expected=200
2026-01-20 16:26:55,871 - task 4 logger - ERROR - FAILED: HTTPSConnectionPool(host='api.example.com', port=443): Max retries exceeded with url: /users (Caused by NameResolutionError("HTTPSConnection(host='api.example.com', port=443): Failed to resolve 'api.example.com' ([Errno 8] nodename nor servname provided, or not known)"))
2026-01-20 16:26:55,886 - task 4 logger - INFO - Starting API test: url=https://api.example.com/users, expected_status=200
2026-01-20 16:26:55,886 - task 4 logger - INFO - Starting API test: url=https://api.example.com/users, expected_status=200
2026-01-20 16:27:33,992 - task 4 logger - INFO - Starting test_login: url=https://api.example.com/users, expected=200
2026-01-20 16:27:34,001 - task 4 logger - ERROR - FAILED: HTTPSConnectionPool(host='api.example.com', port=443): Max retries exceeded with url: /users (Caused by NameResolutionError("HTTPSConnection(host='api.example.com', port=443): Failed to resolve 'api.example.com' ([Errno 8] nodename nor servname provided, or not known)"))
2026-01-20 16:27:34,017 - task 4 logger - INFO - Starting API test: url=https://api.example.com/users, expected_status=200
2026-01-20 16:27:34,017 - task 4 logger - INFO - Starting API test: url=https://api.example.com/users, expected_status=200
2026-01-20 16:29:13,063 - task 4 logger - INFO - Starting test_login: url=https://api.example.com/users, expected=200
2026-01-20 16:29:13,109 - task 4 logger - ERROR - FAILED: HTTPSConnectionPool(host='api.example.com', port=443): Max retries exceeded with url: /users (Caused by NameResolutionError("HTTPSConnection(host='api.example.com', port=443): Failed to resolve 'api.example.com' ([Errno 8] nodename nor servname provided, or not known)"))
2026-01-20 16:30:12,725 - task 4 logger - INFO - Starting test_login: url=https://api.example.com/users, expected=200
2026-01-20 16:30:12,738 - task 4 logger - ERROR - FAILED: HTTPSConnectionPool(host='api.example.com', port=443): Max retries exceeded with url: /users (Caused by NameResolutionError("HTTPSConnection(host='api.example.com', port=443): Failed to resolve 'api.example.com' ([Errno 8] nodename nor servname provided, or not known)"))
2026-01-20 16:52:12,965 - task 5 logger - INFO - Starting test_login_bad with url=http://bad-url
2026-01-20 16:52:13,065 - task 5 logger - ERROR - ❌ HTTP error occurred during test_login
Traceback (most recent call last):
  File "/Users/splesovs/PycharmProjects/SvetlanaPles_it_academy/.venv/lib/python3.12/site-packages/urllib3/connection.py", line 204, in _new_conn
    sock = connection.create_connection(
           ^^^^^^^^^^^^^^^^^^^^^^^^^^^^^
  File "/Users/splesovs/PycharmProjects/SvetlanaPles_it_academy/.venv/lib/python3.12/site-packages/urllib3/util/connection.py", line 60, in create_connection
    for res in socket.getaddrinfo(host, port, family, socket.SOCK_STREAM):
               ^^^^^^^^^^^^^^^^^^^^^^^^^^^^^^^^^^^^^^^^^^^^^^^^^^^^^^^^^^
  File "/Library/Frameworks/Python.framework/Versions/3.12/lib/python3.12/socket.py", line 963, in getaddrinfo
    for res in _socket.getaddrinfo(host, port, family, type, proto, flags):
               ^^^^^^^^^^^^^^^^^^^^^^^^^^^^^^^^^^^^^^^^^^^^^^^^^^^^^^^^^^^
socket.gaierror: [Errno 8] nodename nor servname provided, or not known

The above exception was the direct cause of the following exception:

Traceback (most recent call last):
  File "/Users/splesovs/PycharmProjects/SvetlanaPles_it_academy/.venv/lib/python3.12/site-packages/urllib3/connectionpool.py", line 787, in urlopen
    response = self._make_request(
               ^^^^^^^^^^^^^^^^^^^
  File "/Users/splesovs/PycharmProjects/SvetlanaPles_it_academy/.venv/lib/python3.12/site-packages/urllib3/connectionpool.py", line 493, in _make_request
    conn.request(
  File "/Users/splesovs/PycharmProjects/SvetlanaPles_it_academy/.venv/lib/python3.12/site-packages/urllib3/connection.py", line 500, in request
    self.endheaders()
  File "/Library/Frameworks/Python.framework/Versions/3.12/lib/python3.12/http/client.py", line 1326, in endheaders
    self._send_output(message_body, encode_chunked=encode_chunked)
  File "/Library/Frameworks/Python.framework/Versions/3.12/lib/python3.12/http/client.py", line 1085, in _send_output
    self.send(msg)
  File "/Library/Frameworks/Python.framework/Versions/3.12/lib/python3.12/http/client.py", line 1029, in send
    self.connect()
  File "/Users/splesovs/PycharmProjects/SvetlanaPles_it_academy/.venv/lib/python3.12/site-packages/urllib3/connection.py", line 331, in connect
    self.sock = self._new_conn()
                ^^^^^^^^^^^^^^^^
  File "/Users/splesovs/PycharmProjects/SvetlanaPles_it_academy/.venv/lib/python3.12/site-packages/urllib3/connection.py", line 211, in _new_conn
    raise NameResolutionError(self.host, self, e) from e
urllib3.exceptions.NameResolutionError: HTTPConnection(host='bad-url', port=80): Failed to resolve 'bad-url' ([Errno 8] nodename nor servname provided, or not known)

The above exception was the direct cause of the following exception:

Traceback (most recent call last):
  File "/Users/splesovs/PycharmProjects/SvetlanaPles_it_academy/.venv/lib/python3.12/site-packages/requests/adapters.py", line 644, in send
    resp = conn.urlopen(
           ^^^^^^^^^^^^^
  File "/Users/splesovs/PycharmProjects/SvetlanaPles_it_academy/.venv/lib/python3.12/site-packages/urllib3/connectionpool.py", line 841, in urlopen
    retries = retries.increment(
              ^^^^^^^^^^^^^^^^^^
  File "/Users/splesovs/PycharmProjects/SvetlanaPles_it_academy/.venv/lib/python3.12/site-packages/urllib3/util/retry.py", line 535, in increment
    raise MaxRetryError(_pool, url, reason) from reason  # type: ignore[arg-type]
    ^^^^^^^^^^^^^^^^^^^^^^^^^^^^^^^^^^^^^^^^^^^^^^^^^^^
urllib3.exceptions.MaxRetryError: HTTPConnectionPool(host='bad-url', port=80): Max retries exceeded with url: / (Caused by NameResolutionError("HTTPConnection(host='bad-url', port=80): Failed to resolve 'bad-url' ([Errno 8] nodename nor servname provided, or not known)"))

During handling of the above exception, another exception occurred:

Traceback (most recent call last):
  File "/Users/splesovs/PycharmProjects/SvetlanaPles_it_academy/HW_16/HW_16.py", line 22, in test_login_bad
    response = requests.get(url)
               ^^^^^^^^^^^^^^^^^
  File "/Users/splesovs/PycharmProjects/SvetlanaPles_it_academy/.venv/lib/python3.12/site-packages/requests/api.py", line 73, in get
    return request("get", url, params=params, **kwargs)
           ^^^^^^^^^^^^^^^^^^^^^^^^^^^^^^^^^^^^^^^^^^^^
  File "/Users/splesovs/PycharmProjects/SvetlanaPles_it_academy/.venv/lib/python3.12/site-packages/requests/api.py", line 59, in request
    return session.request(method=method, url=url, **kwargs)
           ^^^^^^^^^^^^^^^^^^^^^^^^^^^^^^^^^^^^^^^^^^^^^^^^^
  File "/Users/splesovs/PycharmProjects/SvetlanaPles_it_academy/.venv/lib/python3.12/site-packages/requests/sessions.py", line 589, in request
    resp = self.send(prep, **send_kwargs)
           ^^^^^^^^^^^^^^^^^^^^^^^^^^^^^^
  File "/Users/splesovs/PycharmProjects/SvetlanaPles_it_academy/.venv/lib/python3.12/site-packages/requests/sessions.py", line 703, in send
    r = adapter.send(request, **kwargs)
        ^^^^^^^^^^^^^^^^^^^^^^^^^^^^^^^
  File "/Users/splesovs/PycharmProjects/SvetlanaPles_it_academy/.venv/lib/python3.12/site-packages/requests/adapters.py", line 677, in send
    raise ConnectionError(e, request=request)
requests.exceptions.ConnectionError: HTTPConnectionPool(host='bad-url', port=80): Max retries exceeded with url: / (Caused by NameResolutionError("HTTPConnection(host='bad-url', port=80): Failed to resolve 'bad-url' ([Errno 8] nodename nor servname provided, or not known)"))
2026-01-20 16:52:49,297 - task 5 logger - INFO - Starting test_login_bad with url=http://bad-url
2026-01-20 16:52:49,307 - task 5 logger - ERROR - ❌ HTTP error occurred during test_login
Traceback (most recent call last):
  File "/Users/splesovs/PycharmProjects/SvetlanaPles_it_academy/.venv/lib/python3.12/site-packages/urllib3/connection.py", line 204, in _new_conn
    sock = connection.create_connection(
           ^^^^^^^^^^^^^^^^^^^^^^^^^^^^^
  File "/Users/splesovs/PycharmProjects/SvetlanaPles_it_academy/.venv/lib/python3.12/site-packages/urllib3/util/connection.py", line 60, in create_connection
    for res in socket.getaddrinfo(host, port, family, socket.SOCK_STREAM):
               ^^^^^^^^^^^^^^^^^^^^^^^^^^^^^^^^^^^^^^^^^^^^^^^^^^^^^^^^^^
  File "/Library/Frameworks/Python.framework/Versions/3.12/lib/python3.12/socket.py", line 963, in getaddrinfo
    for res in _socket.getaddrinfo(host, port, family, type, proto, flags):
               ^^^^^^^^^^^^^^^^^^^^^^^^^^^^^^^^^^^^^^^^^^^^^^^^^^^^^^^^^^^
socket.gaierror: [Errno 8] nodename nor servname provided, or not known

The above exception was the direct cause of the following exception:

Traceback (most recent call last):
  File "/Users/splesovs/PycharmProjects/SvetlanaPles_it_academy/.venv/lib/python3.12/site-packages/urllib3/connectionpool.py", line 787, in urlopen
    response = self._make_request(
               ^^^^^^^^^^^^^^^^^^^
  File "/Users/splesovs/PycharmProjects/SvetlanaPles_it_academy/.venv/lib/python3.12/site-packages/urllib3/connectionpool.py", line 493, in _make_request
    conn.request(
  File "/Users/splesovs/PycharmProjects/SvetlanaPles_it_academy/.venv/lib/python3.12/site-packages/urllib3/connection.py", line 500, in request
    self.endheaders()
  File "/Library/Frameworks/Python.framework/Versions/3.12/lib/python3.12/http/client.py", line 1326, in endheaders
    self._send_output(message_body, encode_chunked=encode_chunked)
  File "/Library/Frameworks/Python.framework/Versions/3.12/lib/python3.12/http/client.py", line 1085, in _send_output
    self.send(msg)
  File "/Library/Frameworks/Python.framework/Versions/3.12/lib/python3.12/http/client.py", line 1029, in send
    self.connect()
  File "/Users/splesovs/PycharmProjects/SvetlanaPles_it_academy/.venv/lib/python3.12/site-packages/urllib3/connection.py", line 331, in connect
    self.sock = self._new_conn()
                ^^^^^^^^^^^^^^^^
  File "/Users/splesovs/PycharmProjects/SvetlanaPles_it_academy/.venv/lib/python3.12/site-packages/urllib3/connection.py", line 211, in _new_conn
    raise NameResolutionError(self.host, self, e) from e
urllib3.exceptions.NameResolutionError: HTTPConnection(host='bad-url', port=80): Failed to resolve 'bad-url' ([Errno 8] nodename nor servname provided, or not known)

The above exception was the direct cause of the following exception:

Traceback (most recent call last):
  File "/Users/splesovs/PycharmProjects/SvetlanaPles_it_academy/.venv/lib/python3.12/site-packages/requests/adapters.py", line 644, in send
    resp = conn.urlopen(
           ^^^^^^^^^^^^^
  File "/Users/splesovs/PycharmProjects/SvetlanaPles_it_academy/.venv/lib/python3.12/site-packages/urllib3/connectionpool.py", line 841, in urlopen
    retries = retries.increment(
              ^^^^^^^^^^^^^^^^^^
  File "/Users/splesovs/PycharmProjects/SvetlanaPles_it_academy/.venv/lib/python3.12/site-packages/urllib3/util/retry.py", line 535, in increment
    raise MaxRetryError(_pool, url, reason) from reason  # type: ignore[arg-type]
    ^^^^^^^^^^^^^^^^^^^^^^^^^^^^^^^^^^^^^^^^^^^^^^^^^^^
urllib3.exceptions.MaxRetryError: HTTPConnectionPool(host='bad-url', port=80): Max retries exceeded with url: / (Caused by NameResolutionError("HTTPConnection(host='bad-url', port=80): Failed to resolve 'bad-url' ([Errno 8] nodename nor servname provided, or not known)"))

During handling of the above exception, another exception occurred:

Traceback (most recent call last):
  File "/Users/splesovs/PycharmProjects/SvetlanaPles_it_academy/HW_16/HW_16.py", line 22, in test_login_bad
    response = requests.get(url)
               ^^^^^^^^^^^^^^^^^
  File "/Users/splesovs/PycharmProjects/SvetlanaPles_it_academy/.venv/lib/python3.12/site-packages/requests/api.py", line 73, in get
    return request("get", url, params=params, **kwargs)
           ^^^^^^^^^^^^^^^^^^^^^^^^^^^^^^^^^^^^^^^^^^^^
  File "/Users/splesovs/PycharmProjects/SvetlanaPles_it_academy/.venv/lib/python3.12/site-packages/requests/api.py", line 59, in request
    return session.request(method=method, url=url, **kwargs)
           ^^^^^^^^^^^^^^^^^^^^^^^^^^^^^^^^^^^^^^^^^^^^^^^^^
  File "/Users/splesovs/PycharmProjects/SvetlanaPles_it_academy/.venv/lib/python3.12/site-packages/requests/sessions.py", line 589, in request
    resp = self.send(prep, **send_kwargs)
           ^^^^^^^^^^^^^^^^^^^^^^^^^^^^^^
  File "/Users/splesovs/PycharmProjects/SvetlanaPles_it_academy/.venv/lib/python3.12/site-packages/requests/sessions.py", line 703, in send
    r = adapter.send(request, **kwargs)
        ^^^^^^^^^^^^^^^^^^^^^^^^^^^^^^^
  File "/Users/splesovs/PycharmProjects/SvetlanaPles_it_academy/.venv/lib/python3.12/site-packages/requests/adapters.py", line 677, in send
    raise ConnectionError(e, request=request)
requests.exceptions.ConnectionError: HTTPConnectionPool(host='bad-url', port=80): Max retries exceeded with url: / (Caused by NameResolutionError("HTTPConnection(host='bad-url', port=80): Failed to resolve 'bad-url' ([Errno 8] nodename nor servname provided, or not known)"))
